üöÄ Nova connecting to Production via API Key (Direct)
üåå Nova (CSO) is now ONLINE.

üîç Cycle Start...
Traceback (most recent call last):
  File "C:\Python314\Lib\site-packages\agent_framework\openai\_chat_client.py", line 105, in _inner_get_streaming_response
    async for chunk in await client.chat.completions.create(stream=True, **options_dict):
                       ^^^^^^^^^^^^^^^^^^^^^^^^^^^^^^^^^^^^^^^^^^^^^^^^^^^^^^^^^^^^^^^^^
  File "C:\Python314\Lib\site-packages\openai\resources\chat\completions\completions.py", line 2672, in create
    return await self._post(
           ^^^^^^^^^^^^^^^^^
    ...<49 lines>...
    )
    ^
  File "C:\Python314\Lib\site-packages\openai\_base_client.py", line 1794, in post
    return await self.request(cast_to, opts, stream=stream, stream_cls=stream_cls)
           ^^^^^^^^^^^^^^^^^^^^^^^^^^^^^^^^^^^^^^^^^^^^^^^^^^^^^^^^^^^^^^^^^^^^^^^
  File "C:\Python314\Lib\site-packages\openai\_base_client.py", line 1594, in request
    raise self._make_status_error_from_response(err.response) from None
openai.AuthenticationError: Error code: 401 - {'statusCode': 401, 'message': 'Unauthorized. Access token is missing, invalid, audience is incorrect (https://ai.azure.com), or have expired.'}

The above exception was the direct cause of the following exception:

Traceback (most recent call last):
  File "G:\My Drive\Automations\ai-agent\chief_orchestrator.py", line 71, in <module>
    asyncio.run(run_nova())
    ~~~~~~~~~~~^^^^^^^^^^^^
  File "C:\Python314\Lib\asyncio\runners.py", line 204, in run
    return runner.run(main)
           ~~~~~~~~~~^^^^^^
  File "C:\Python314\Lib\asyncio\runners.py", line 127, in run
    return self._loop.run_until_complete(task)
           ~~~~~~~~~~~~~~~~~~~~~~~~~~~~~^^^^^^
  File "C:\Python314\Lib\asyncio\base_events.py", line 719, in run_until_complete
    return future.result()
           ~~~~~~~~~~~~~^^
  File "G:\My Drive\Automations\ai-agent\chief_orchestrator.py", line 64, in run_nova
    async for chunk in nova.run_stream("Audit system and revenue.", thread=thread):
        if chunk.text: print(chunk.text, end="", flush=True)
  File "C:\Python314\Lib\site-packages\agent_framework\observability.py", line 1169, in trace_run_streaming
    async for streaming_agent_response in run_streaming_func(self, messages=messages, thread=thread, **kwargs):
        yield streaming_agent_response
  File "C:\Python314\Lib\site-packages\agent_framework\_agents.py", line 1013, in run_stream
    async for update in self.chat_client.get_streaming_response(
    ...<16 lines>...
        )
  File "C:\Python314\Lib\site-packages\agent_framework\_tools.py", line 1800, in streaming_function_invocation_wrapper
    async for update in func(self, messages=prepped_messages, **kwargs):
        all_updates.append(update)
        yield update
  File "C:\Python314\Lib\site-packages\agent_framework\observability.py", line 925, in trace_get_streaming_response
    async for update in func(self, messages=messages, **kwargs):
        yield update
  File "C:\Python314\Lib\site-packages\agent_framework\_middleware.py", line 1415, in _stream_generator
    async for update in original_get_streaming_response(self, messages, **kwargs):
        yield update
  File "C:\Python314\Lib\site-packages\agent_framework\_clients.py", line 681, in get_streaming_response
    async for update in self._inner_get_streaming_response(
    ...<2 lines>...
        yield update
  File "C:\Python314\Lib\site-packages\agent_framework\openai\_chat_client.py", line 120, in _inner_get_streaming_response
    raise ServiceResponseException(
    ...<2 lines>...
    ) from ex
agent_framework.exceptions.ServiceResponseException: <class 'agent_framework.openai._chat_client.OpenAIChatClient'> service failed to complete the prompt: Error code: 401 - {'statusCode': 401, 'message': 'Unauthorized. Access token is missing, invalid, audience is incorrect (https://ai.azure.com), or have expired.'}
üöÄ Nova connecting to Production via API Key (Direct)
üåå Nova (CSO) is now ONLINE.

üîç Cycle Start...
Traceback (most recent call last):
  File "C:\Python314\Lib\site-packages\agent_framework\openai\_chat_client.py", line 105, in _inner_get_streaming_response
    async for chunk in await client.chat.completions.create(stream=True, **options_dict):
                       ^^^^^^^^^^^^^^^^^^^^^^^^^^^^^^^^^^^^^^^^^^^^^^^^^^^^^^^^^^^^^^^^^
  File "C:\Python314\Lib\site-packages\openai\resources\chat\completions\completions.py", line 2672, in create
    return await self._post(
           ^^^^^^^^^^^^^^^^^
    ...<49 lines>...
    )
    ^
  File "C:\Python314\Lib\site-packages\openai\_base_client.py", line 1794, in post
    return await self.request(cast_to, opts, stream=stream, stream_cls=stream_cls)
           ^^^^^^^^^^^^^^^^^^^^^^^^^^^^^^^^^^^^^^^^^^^^^^^^^^^^^^^^^^^^^^^^^^^^^^^
  File "C:\Python314\Lib\site-packages\openai\_base_client.py", line 1594, in request
    raise self._make_status_error_from_response(err.response) from None
openai.AuthenticationError: Error code: 401 - {'statusCode': 401, 'message': 'Unauthorized. Access token is missing, invalid, audience is incorrect (https://ai.azure.com), or have expired.'}

The above exception was the direct cause of the following exception:

Traceback (most recent call last):
  File "G:\My Drive\Automations\ai-agent\chief_orchestrator.py", line 71, in <module>
    asyncio.run(run_nova())
    ~~~~~~~~~~~^^^^^^^^^^^^
  File "C:\Python314\Lib\asyncio\runners.py", line 204, in run
    return runner.run(main)
           ~~~~~~~~~~^^^^^^
  File "C:\Python314\Lib\asyncio\runners.py", line 127, in run
    return self._loop.run_until_complete(task)
           ~~~~~~~~~~~~~~~~~~~~~~~~~~~~~^^^^^^
  File "C:\Python314\Lib\asyncio\base_events.py", line 719, in run_until_complete
    return future.result()
           ~~~~~~~~~~~~~^^
  File "G:\My Drive\Automations\ai-agent\chief_orchestrator.py", line 64, in run_nova
    async for chunk in nova.run_stream("Audit system and revenue.", thread=thread):
        if chunk.text: print(chunk.text, end="", flush=True)
  File "C:\Python314\Lib\site-packages\agent_framework\observability.py", line 1169, in trace_run_streaming
    async for streaming_agent_response in run_streaming_func(self, messages=messages, thread=thread, **kwargs):
        yield streaming_agent_response
  File "C:\Python314\Lib\site-packages\agent_framework\_agents.py", line 1013, in run_stream
    async for update in self.chat_client.get_streaming_response(
    ...<16 lines>...
        )
  File "C:\Python314\Lib\site-packages\agent_framework\_tools.py", line 1800, in streaming_function_invocation_wrapper
    async for update in func(self, messages=prepped_messages, **kwargs):
        all_updates.append(update)
        yield update
  File "C:\Python314\Lib\site-packages\agent_framework\observability.py", line 925, in trace_get_streaming_response
    async for update in func(self, messages=messages, **kwargs):
        yield update
  File "C:\Python314\Lib\site-packages\agent_framework\_middleware.py", line 1415, in _stream_generator
    async for update in original_get_streaming_response(self, messages, **kwargs):
        yield update
  File "C:\Python314\Lib\site-packages\agent_framework\_clients.py", line 681, in get_streaming_response
    async for update in self._inner_get_streaming_response(
    ...<2 lines>...
        yield update
  File "C:\Python314\Lib\site-packages\agent_framework\openai\_chat_client.py", line 120, in _inner_get_streaming_response
    raise ServiceResponseException(
    ...<2 lines>...
    ) from ex
agent_framework.exceptions.ServiceResponseException: <class 'agent_framework.openai._chat_client.OpenAIChatClient'> service failed to complete the prompt: Error code: 401 - {'statusCode': 401, 'message': 'Unauthorized. Access token is missing, invalid, audience is incorrect (https://ai.azure.com), or have expired.'}
üöÄ Nova connecting to Production via API Key (Direct)
üåå Nova (CSO) is now ONLINE.

üîç Cycle Start...
Traceback (most recent call last):
  File "C:\Python314\Lib\site-packages\agent_framework\openai\_chat_client.py", line 105, in _inner_get_streaming_response
    async for chunk in await client.chat.completions.create(stream=True, **options_dict):
                       ^^^^^^^^^^^^^^^^^^^^^^^^^^^^^^^^^^^^^^^^^^^^^^^^^^^^^^^^^^^^^^^^^
  File "C:\Python314\Lib\site-packages\openai\resources\chat\completions\completions.py", line 2672, in create
    return await self._post(
           ^^^^^^^^^^^^^^^^^
    ...<49 lines>...
    )
    ^
  File "C:\Python314\Lib\site-packages\openai\_base_client.py", line 1794, in post
    return await self.request(cast_to, opts, stream=stream, stream_cls=stream_cls)
           ^^^^^^^^^^^^^^^^^^^^^^^^^^^^^^^^^^^^^^^^^^^^^^^^^^^^^^^^^^^^^^^^^^^^^^^
  File "C:\Python314\Lib\site-packages\openai\_base_client.py", line 1594, in request
    raise self._make_status_error_from_response(err.response) from None
openai.AuthenticationError: Error code: 401 - {'statusCode': 401, 'message': 'Unauthorized. Access token is missing, invalid, audience is incorrect (https://ai.azure.com), or have expired.'}

The above exception was the direct cause of the following exception:

Traceback (most recent call last):
  File "G:\My Drive\Automations\ai-agent\chief_orchestrator.py", line 71, in <module>
    asyncio.run(run_nova())
    ~~~~~~~~~~~^^^^^^^^^^^^
  File "C:\Python314\Lib\asyncio\runners.py", line 204, in run
    return runner.run(main)
           ~~~~~~~~~~^^^^^^
  File "C:\Python314\Lib\asyncio\runners.py", line 127, in run
    return self._loop.run_until_complete(task)
           ~~~~~~~~~~~~~~~~~~~~~~~~~~~~~^^^^^^
  File "C:\Python314\Lib\asyncio\base_events.py", line 719, in run_until_complete
    return future.result()
           ~~~~~~~~~~~~~^^
  File "G:\My Drive\Automations\ai-agent\chief_orchestrator.py", line 64, in run_nova
    async for chunk in nova.run_stream("Audit system and revenue.", thread=thread):
        if chunk.text: print(chunk.text, end="", flush=True)
  File "C:\Python314\Lib\site-packages\agent_framework\observability.py", line 1169, in trace_run_streaming
    async for streaming_agent_response in run_streaming_func(self, messages=messages, thread=thread, **kwargs):
        yield streaming_agent_response
  File "C:\Python314\Lib\site-packages\agent_framework\_agents.py", line 1013, in run_stream
    async for update in self.chat_client.get_streaming_response(
    ...<16 lines>...
        )
  File "C:\Python314\Lib\site-packages\agent_framework\_tools.py", line 1800, in streaming_function_invocation_wrapper
    async for update in func(self, messages=prepped_messages, **kwargs):
        all_updates.append(update)
        yield update
  File "C:\Python314\Lib\site-packages\agent_framework\observability.py", line 925, in trace_get_streaming_response
    async for update in func(self, messages=messages, **kwargs):
        yield update
  File "C:\Python314\Lib\site-packages\agent_framework\_middleware.py", line 1415, in _stream_generator
    async for update in original_get_streaming_response(self, messages, **kwargs):
        yield update
  File "C:\Python314\Lib\site-packages\agent_framework\_clients.py", line 681, in get_streaming_response
    async for update in self._inner_get_streaming_response(
    ...<2 lines>...
        yield update
  File "C:\Python314\Lib\site-packages\agent_framework\openai\_chat_client.py", line 120, in _inner_get_streaming_response
    raise ServiceResponseException(
    ...<2 lines>...
    ) from ex
agent_framework.exceptions.ServiceResponseException: <class 'agent_framework.openai._chat_client.OpenAIChatClient'> service failed to complete the prompt: Error code: 401 - {'statusCode': 401, 'message': 'Unauthorized. Access token is missing, invalid, audience is incorrect (https://ai.azure.com), or have expired.'}
